#
# There is insufficient memory for the Java Runtime Environment to continue.
# Native memory allocation (mmap) failed to map 134217728 bytes for Failed to commit area from 0x00000000a0800000 to 0x00000000a8800000 of length 134217728.
# Possible reasons:
#   The system is out of physical RAM or swap space
#   The process is running with CompressedOops enabled, and the Java Heap may be blocking the growth of the native heap
# Possible solutions:
#   Reduce memory load on the system
#   Increase physical memory or swap space
#   Check if swap backing store is full
#   Decrease Java heap size (-Xmx/-Xms)
#   Decrease number of Java threads
#   Decrease Java thread stack sizes (-Xss)
#   Set larger code cache with -XX:ReservedCodeCacheSize=
# This output file may be truncated or incomplete.
#
#  Out of Memory Error (./src/hotspot/os/windows/os_windows.cpp:3521), pid=9148, tid=8428
#
# JRE version:  (11.0.12+7) (build )
# Java VM: OpenJDK 64-Bit Server VM (11.0.12+7-b1504.40, mixed mode, sharing, tiered, compressed oops, g1 gc, windows-amd64)
# No core dump will be written. Minidumps are not enabled by default on client versions of Windows
#

---------------  S U M M A R Y ------------

Command Line: -Djava.rmi.server.hostname=127.0.0.1 -Duser.timezone=UTC -Xmx1527m -Xms128m -Dfile.encoding=UTF-8 com.intellij.database.remote.RemoteJdbcServer com.mysql.cj.jdbc.Driver

Host: Intel(R) Xeon(R) CPU E31220 @ 3.10GHz, 4 cores, 11G,  Windows 10 , 64 bit Build 19041 (10.0.19041.1348)
Time: Fri Dec  3 02:50:41 2021 RTZ 3 (зима) elapsed time: 0.023833 seconds (0d 0h 0m 0s)

---------------  T H R E A D  ---------------

Current thread (0x000002dcda90e000):  JavaThread "Unknown thread" [_thread_in_vm, id=8428, stack(0x000000f28af00000,0x000000f28b000000)]

Stack: [0x000000f28af00000,0x000000f28b000000]
Native frames: (J=compiled Java code, j=interpreted, Vv=VM code, C=native code)
V  [jvm.dll+0x5ff40a]
V  [jvm.dll+0x783b65]
V  [jvm.dll+0x78517d]
V  [jvm.dll+0x785833]
V  [jvm.dll+0x249408]
V  [jvm.dll+0x5fc7f4]
V  [jvm.dll+0x5f13c5]
V  [jvm.dll+0x3076bb]
V  [jvm.dll+0x30762a]
V  [jvm.dll+0x307502]
V  [jvm.dll+0x30c466]
V  [jvm.dll+0x355543]
V  [jvm.dll+0x355c46]
V  [jvm.dll+0x355643]
V  [jvm.dll+0x2e2018]
V  [jvm.dll+0x2e31c7]
V  [jvm.dll+0x761f57]
V  [jvm.dll+0x76374c]
V  [jvm.dll+0x362ab9]
V  [jvm.dll+0x7455be]
V  [jvm.dll+0x3cb673]
V  [jvm.dll+0x3cda21]
C  [jli.dll+0x536b]
C  [ucrtbase.dll+0x21bb2]
C  [KERNEL32.DLL+0x17034]
C  [ntdll.dll+0x52651]


---------------  P R O C E S S  ---------------

Threads class SMR info:
_java_thread_list=0x000002dcd8851420, length=0, elements={
}

Java Threads: ( => current thread )

Other Threads:
  0x000002dcda926800 GCTaskThread "GC Thread#0" [stack: 0x000000f28b000000,0x000000f28b100000] [id=13948]
  0x000002dcda94f000 ConcurrentGCThread "G1 Main Marker" [stack: 0x000000f28b100000,0x000000f28b200000] [id=8448]
  0x000002dcda950800 ConcurrentGCThread "G1 Conc#0" [stack: 0x000000f28b200000,0x000000f28b300000] [id=9492]

[error occurred during error reporting (printing all threads), id 0xc0000005, EXCEPTION_ACCESS_VIOLATION (0xc0000005) at pc=0x00007ffffc0527a7]

VM state:not at safepoint (not fully initialized)

VM Mutex/Monitor currently owned by a thread:  ([mutex/lock_event])
[0x000002dcda90c3d0] Heap_lock - owner thread: 0x000002dcda90e000

Heap address: 0x00000000a0800000, size: 1528 MB, Compressed Oops mode: Non-zero based: 0x00000000a0800000
Narrow klass base: 0x0000000000000000, Narrow klass shift: 0

GC Heap History (0 events):
No events

Deoptimization events (0 events):
No events

Classes redefined (0 events):
No events

Internal exceptions (0 events):
No events

Events (1 events):
Event: 0.007 Loaded shared library C:\Users\kyro\AppData\Local\JetBrains\apps\IDEA-U\ch-0\212.5457.46\jbr\bin\zip.dll


Dynamic libraries:
0x00007ff633c50000 - 0x00007ff633c5a000 	C:\Users\kyro\AppData\Local\JetBrains\apps\IDEA-U\ch-0\212.5457.46\jbr\bin\java.exe
0x00007ff845910000 - 0x00007ff845b05000 	C:\Windows\SYSTEM32\ntdll.dll
0x00007ff81f060000 - 0x00007ff81f076000 	C:\Soft\aswhook.dll
0x00007ff843960000 - 0x00007ff843a1e000 	C:\Windows\System32\KERNEL32.DLL
0x00007ff843030000 - 0x00007ff8432f8000 	C:\Windows\System32\KERNELBASE.dll
0x00007ff843860000 - 0x00007ff843960000 	C:\Windows\System32\ucrtbase.dll
0x00007ff838740000 - 0x00007ff838757000 	C:\Users\kyro\AppData\Local\JetBrains\apps\IDEA-U\ch-0\212.5457.46\jbr\bin\VCRUNTIME140.dll
0x00007ff838760000 - 0x00007ff838779000 	C:\Users\kyro\AppData\Local\JetBrains\apps\IDEA-U\ch-0\212.5457.46\jbr\bin\jli.dll
0x00007ff844f90000 - 0x00007ff845131000 	C:\Windows\System32\USER32.dll
0x00007ff843830000 - 0x00007ff843852000 	C:\Windows\System32\win32u.dll
0x00007ff8329c0000 - 0x00007ff832c5a000 	C:\Windows\WinSxS\amd64_microsoft.windows.common-controls_6595b64144ccf1df_6.0.19041.1110_none_60b5254171f9507e\COMCTL32.dll
0x00007ff8443a0000 - 0x00007ff8443cb000 	C:\Windows\System32\GDI32.dll
0x00007ff845150000 - 0x00007ff8451ee000 	C:\Windows\System32\msvcrt.dll
0x00007ff8436f0000 - 0x00007ff8437fb000 	C:\Windows\System32\gdi32full.dll
0x00007ff8434b0000 - 0x00007ff84354d000 	C:\Windows\System32\msvcp_win.dll
0x00007ff845670000 - 0x00007ff8456a0000 	C:\Windows\System32\IMM32.DLL
0x00007ff813ce0000 - 0x00007ff813d7d000 	C:\Users\kyro\AppData\Local\JetBrains\apps\IDEA-U\ch-0\212.5457.46\jbr\bin\msvcp140.dll
0x00007ffffbd60000 - 0x00007ffffc8b8000 	C:\Users\kyro\AppData\Local\JetBrains\apps\IDEA-U\ch-0\212.5457.46\jbr\bin\server\jvm.dll
0x00007ff8445e0000 - 0x00007ff84468c000 	C:\Windows\System32\ADVAPI32.dll
0x00007ff844300000 - 0x00007ff84439b000 	C:\Windows\System32\sechost.dll
0x00007ff8443d0000 - 0x00007ff8444fa000 	C:\Windows\System32\RPCRT4.dll
0x00007ff8458c0000 - 0x00007ff8458c8000 	C:\Windows\System32\PSAPI.DLL
0x00007ff831530000 - 0x00007ff831539000 	C:\Windows\SYSTEM32\WSOCK32.dll
0x00007ff839770000 - 0x00007ff839797000 	C:\Windows\SYSTEM32\WINMM.dll
0x00007ff843a20000 - 0x00007ff843a8b000 	C:\Windows\System32\WS2_32.dll
0x00007ff83c380000 - 0x00007ff83c38a000 	C:\Windows\SYSTEM32\VERSION.dll
0x00007ff840f10000 - 0x00007ff840f22000 	C:\Windows\SYSTEM32\kernel.appcore.dll
0x00007ff83ea60000 - 0x00007ff83ea71000 	C:\Users\kyro\AppData\Local\JetBrains\apps\IDEA-U\ch-0\212.5457.46\jbr\bin\verify.dll
0x00007ff83a260000 - 0x00007ff83a444000 	C:\Windows\SYSTEM32\DBGHELP.DLL
0x00007ff839cc0000 - 0x00007ff839cec000 	C:\Windows\SYSTEM32\dbgcore.DLL
0x00007ff843600000 - 0x00007ff843683000 	C:\Windows\System32\bcryptPrimitives.dll
0x00007ff831b20000 - 0x00007ff831b49000 	C:\Users\kyro\AppData\Local\JetBrains\apps\IDEA-U\ch-0\212.5457.46\jbr\bin\java.dll
0x00007ff839660000 - 0x00007ff83966b000 	C:\Users\kyro\AppData\Local\JetBrains\apps\IDEA-U\ch-0\212.5457.46\jbr\bin\jimage.dll
0x00007ff837cc0000 - 0x00007ff837cd8000 	C:\Users\kyro\AppData\Local\JetBrains\apps\IDEA-U\ch-0\212.5457.46\jbr\bin\zip.dll

dbghelp: loaded successfully - version: 4.0.5 - missing functions: none
symbol engine: initialized successfully - sym options: 0x614 - pdb path: .;C:\Users\kyro\AppData\Local\JetBrains\apps\IDEA-U\ch-0\212.5457.46\jbr\bin;C:\Windows\SYSTEM32;C:\Soft;C:\Windows\WinSxS\amd64_microsoft.windows.common-controls_6595b64144ccf1df_6.0.19041.1110_none_60b5254171f9507e;C:\Users\kyro\AppData\Local\JetBrains\apps\IDEA-U\ch-0\212.5457.46\jbr\bin\server

VM Arguments:
jvm_args: -Djava.rmi.server.hostname=127.0.0.1 -Duser.timezone=UTC -Xmx1527m -Xms128m -Dfile.encoding=UTF-8 
java_command: com.intellij.database.remote.RemoteJdbcServer com.mysql.cj.jdbc.Driver
java_class_path (initial): C:\Users\kyro\AppData\Local\JetBrains\apps\IDEA-U\ch-0\212.5457.46\lib\util.jar;C:\Users\kyro\AppData\Local\JetBrains\apps\IDEA-U\ch-0\212.5457.46\lib\groovy-2.5.14.jar;C:\Users\kyro\AppData\Local\JetBrains\apps\IDEA-U\ch-0\212.5457.46\plugins\DatabaseTools\lib\jdbc-console.jar;C:\Users\kyro\AppData\Roaming\JetBrains\IntelliJIdea2021.2\jdbc-drivers\MySQL ConnectorJ\8.0.25\mysql-connector-java-8.0.25.jar
Launcher Type: SUN_STANDARD

[Global flags]
     intx CICompilerCount                          = 3                                         {product} {ergonomic}
     uint ConcGCThreads                            = 1                                         {product} {ergonomic}
     uint G1ConcRefinementThreads                  = 4                                         {product} {ergonomic}
   size_t G1HeapRegionSize                         = 1048576                                   {product} {ergonomic}
    uintx GCDrainStackTargetSize                   = 64                                        {product} {ergonomic}
   size_t InitialHeapSize                          = 134217728                                 {product} {command line}
   size_t MarkStackSize                            = 4194304                                   {product} {ergonomic}
   size_t MaxHeapSize                              = 1602224128                                {product} {command line, ergonomic}
   size_t MinHeapDeltaBytes                        = 1048576                                   {product} {ergonomic}
    uintx NonNMethodCodeHeapSize                   = 5830732                                {pd product} {ergonomic}
    uintx NonProfiledCodeHeapSize                  = 122913754                              {pd product} {ergonomic}
    uintx ProfiledCodeHeapSize                     = 122913754                              {pd product} {ergonomic}
    uintx ReservedCodeCacheSize                    = 251658240                              {pd product} {ergonomic}
     bool SegmentedCodeCache                       = true                                      {product} {ergonomic}
     bool UseCompressedClassPointers               = true                                 {lp64_product} {ergonomic}
     bool UseCompressedOops                        = true                                 {lp64_product} {ergonomic}
     bool UseG1GC                                  = true                                      {product} {ergonomic}
     bool UseLargePagesIndividualAllocation        = false                                  {pd product} {ergonomic}

Logging:
Log output configuration:
 #0: stdout all=warning uptime,level,tags
 #1: stderr all=off uptime,level,tags

Environment Variables:
JAVA_HOME=C:\Program Files\Java\jdk-15
PATH=D:\Soft\dbhomeXE\bin;D:\Soft\OracleSQLDeveloper\dbhomeXE\bin;C:\Program Files\Common Files\Oracle\Java\javapath;C:\Windows\system32;C:\Windows;C:\Windows\System32\Wbem;C:\Windows\System32\WindowsPowerShell\v1.0\;C:\Windows\System32\OpenSSH\;C:\Program Files\NVIDIA Corporation\NVIDIA NvDLISR;C:\Program Files (x86)\NVIDIA Corporation\PhysX\Common;C:\Program Files\Git\cmd;C:\Program Files\dotnet\;C:\Program Files\Microsoft SQL Server\130\Tools\Binn\;C:\Program Files\Microsoft SQL Server\Client SDK\ODBC\170\Tools\Binn\;C:\Program Files\apache-maven-3.8.2\bin;C:\Program Files\MySQL\MySQL Shell 8.0\bin\;C:\Users\kyro\AppData\Local\Microsoft\WindowsApps;D:\Soft\Keyboard Maniac;C:\Users\kyro\.dotnet\tools;D:\Soft\Fiddler
USERNAME=kyro
OS=Windows_NT
PROCESSOR_IDENTIFIER=Intel64 Family 6 Model 42 Stepping 7, GenuineIntel



---------------  S Y S T E M  ---------------

OS: Windows 10 , 64 bit Build 19041 (10.0.19041.1348)
OS uptime: 0 days 10:59 hours
Hyper-V role detected

CPU:total 4 (initial active 4) (4 cores per cpu, 1 threads per core) family 6 model 42 stepping 7 microcode 0x2f, cmov, cx8, fxsr, mmx, sse, sse2, sse3, ssse3, sse4.1, sse4.2, popcnt, avx, aes, clmul, tsc, tscinvbit

Memory: 4k page, system-wide physical 12216M (2904M free)
TotalPageFile size 12216M (AvailPageFile size 65M)
current process WorkingSet (physical memory assigned to process): 10M, peak: 10M
current process commit charge ("private bytes"): 51M, peak: 179M

vm_info: OpenJDK 64-Bit Server VM (11.0.12+7-b1504.40) for windows-amd64 JRE (11.0.12+7-b1504.40), built on Sep 23 2021 14:38:03 by "" with MS VC++ 14.0 (VS2015)

END.
